<datasources xmlns="http://www.jboss.org/ironjacamar/schema" xmlns:xsi="http://www.w3.org/2001/XMLSchema-instance" xsi:schemaLocation="http://www.jboss.org/ironjacamar/schema http://docs.jboss.org/ironjacamar/schema/datasources_1_0.xsd">
     <datasource jndi-name="java:jboss/datasources/TestDS"
      pool-name="test-datasource" enabled="true"
      use-java-context="true">
          <connection-url>jdbc:h2:tcp://localhost/~/test;DB_CLOSE_ON_EXIT=FALSE</connection-url>
          <driver>h2</driver>
          <security>
               <user-name>sa</user-name>
               <password></password>
          </security>
     </datasource>
</datasources>